Using pre-set license
Built from '2021.3/staging' branch; Version is '2021.3.20f1 (577897200b8b) revision 5732503'; Using compiler version '192829333'; Build Type 'Release'
OS: 'Windows 11  (10.0.22621) 64bit Core' Language: 'ca' Physical Memory: 16251 MB
BatchMode: 1, IsHumanControllingUs: 0, StartBugReporterOnCrash: 0, Is64bit: 1, IsPro: 1

COMMAND LINE ARGUMENTS:
C:\Program Files\Unity\Hub\Editor\2021.3.20f1\Editor\Unity.exe
-adb2
-batchMode
-noUpm
-name
AssetImportWorker0
-projectPath
C:/Git hub/Ava_DEMO_2
-logFile
Logs/AssetImportWorker0.log
-srvPort
62011
Successfully changed project path to: C:/Git hub/Ava_DEMO_2
C:/Git hub/Ava_DEMO_2
[UnityMemory] Configuration Parameters - Can be set up in boot.config
    "memorysetup-bucket-allocator-granularity=16"
    "memorysetup-bucket-allocator-bucket-count=8"
    "memorysetup-bucket-allocator-block-size=33554432"
    "memorysetup-bucket-allocator-block-count=8"
    "memorysetup-main-allocator-block-size=16777216"
    "memorysetup-thread-allocator-block-size=16777216"
    "memorysetup-gfx-main-allocator-block-size=16777216"
    "memorysetup-gfx-thread-allocator-block-size=16777216"
    "memorysetup-cache-allocator-block-size=4194304"
    "memorysetup-typetree-allocator-block-size=2097152"
    "memorysetup-profiler-bucket-allocator-granularity=16"
    "memorysetup-profiler-bucket-allocator-bucket-count=8"
    "memorysetup-profiler-bucket-allocator-block-size=33554432"
    "memorysetup-profiler-bucket-allocator-block-count=8"
    "memorysetup-profiler-allocator-block-size=16777216"
    "memorysetup-profiler-editor-allocator-block-size=1048576"
    "memorysetup-temp-allocator-size-main=16777216"
    "memorysetup-job-temp-allocator-block-size=2097152"
    "memorysetup-job-temp-allocator-block-size-background=1048576"
    "memorysetup-job-temp-allocator-reduction-small-platforms=262144"
    "memorysetup-temp-allocator-size-background-worker=32768"
    "memorysetup-temp-allocator-size-job-worker=262144"
    "memorysetup-temp-allocator-size-preload-manager=33554432"
    "memorysetup-temp-allocator-size-nav-mesh-worker=65536"
    "memorysetup-temp-allocator-size-audio-worker=65536"
    "memorysetup-temp-allocator-size-cloud-worker=32768"
    "memorysetup-temp-allocator-size-gi-baking-worker=262144"
    "memorysetup-temp-allocator-size-gfx=262144"
Player connection [50152] Host "[IP] 192.168.1.234 [Port] 0 [Flags] 2 [Guid] 283206009 [EditorId] 283206009 [Version] 1048832 [Id] WindowsEditor(7,LAPTOP-VUKV9B3N) [Debug] 1 [PackageName] WindowsEditor [ProjectName] Editor" joined multi-casting on [225.0.0.222:54997]...

Player connection [50152] Host "[IP] 192.168.1.234 [Port] 0 [Flags] 2 [Guid] 283206009 [EditorId] 283206009 [Version] 1048832 [Id] WindowsEditor(7,LAPTOP-VUKV9B3N) [Debug] 1 [PackageName] WindowsEditor [ProjectName] Editor" joined alternative multi-casting on [225.0.0.222:34997]...

Refreshing native plugins compatible for Editor in 19.86 ms, found 0 plugins.
Preloading 0 native plugins for Editor in 0.00 ms.
Initialize engine version: 2021.3.20f1 (577897200b8b)
[Subsystems] Discovering subsystems at path C:/Program Files/Unity/Hub/Editor/2021.3.20f1/Editor/Data/Resources/UnitySubsystems
[Subsystems] Discovering subsystems at path C:/Git hub/Ava_DEMO_2/Assets
GfxDevice: creating device client; threaded=0; jobified=0
Direct3D:
    Version:  Direct3D 11.0 [level 11.1]
    Renderer: NVIDIA GeForce GTX 1650 (ID=0x1f99)
    Vendor:   NVIDIA
    VRAM:     3962 MB
    Driver:   27.21.14.6230
Initialize mono
Mono path[0] = 'C:/Program Files/Unity/Hub/Editor/2021.3.20f1/Editor/Data/Managed'
Mono path[1] = 'C:/Program Files/Unity/Hub/Editor/2021.3.20f1/Editor/Data/MonoBleedingEdge/lib/mono/unityjit-win32'
Mono config path = 'C:/Program Files/Unity/Hub/Editor/2021.3.20f1/Editor/Data/MonoBleedingEdge/etc'
Using monoOptions --debugger-agent=transport=dt_socket,embedding=1,server=y,suspend=n,address=127.0.0.1:56660
Begin MonoManager ReloadAssembly
Registering precompiled unity dll's ...
Register platform support module: C:/Program Files/Unity/Hub/Editor/2021.3.20f1/Editor/Data/PlaybackEngines/WebGLSupport/UnityEditor.WebGL.Extensions.dll
Register platform support module: C:/Program Files/Unity/Hub/Editor/2021.3.20f1/Editor/Data/PlaybackEngines/WindowsStandaloneSupport/UnityEditor.WindowsStandalone.Extensions.dll
Registered in 0.004803 seconds.
Native extension for WindowsStandalone target not found
Native extension for WebGL target not found
Refreshing native plugins compatible for Editor in 19.84 ms, found 0 plugins.
Preloading 0 native plugins for Editor in 0.00 ms.
Mono: successfully reloaded assembly
- Completed reload, in  0.533 seconds
Domain Reload Profiling:
	ReloadAssembly (534ms)
		BeginReloadAssembly (72ms)
			ExecutionOrderSort (0ms)
			DisableScriptedObjects (0ms)
			BackupInstance (0ms)
			ReleaseScriptingObjects (0ms)
			CreateAndSetChildDomain (1ms)
		EndReloadAssembly (372ms)
			LoadAssemblies (70ms)
			RebuildTransferFunctionScriptingTraits (0ms)
			SetupTypeCache (101ms)
			ReleaseScriptCaches (0ms)
			RebuildScriptCaches (25ms)
			SetupLoadedEditorAssemblies (201ms)
				LogAssemblyErrors (0ms)
				InitializePlatformSupportModulesInManaged (8ms)
				SetLoadedEditorAssemblies (0ms)
				RefreshPlugins (20ms)
				BeforeProcessingInitializeOnLoad (1ms)
				ProcessInitializeOnLoadAttributes (132ms)
				ProcessInitializeOnLoadMethodAttributes (40ms)
				AfterProcessingInitializeOnLoad (0ms)
				EditorAssembliesLoaded (0ms)
			ExecutionOrderSort2 (0ms)
			AwakeInstancesAfterBackupRestoration (0ms)
Platform modules already initialized, skipping
Registering precompiled user dll's ...
Registered in 0.000409 seconds.
Begin MonoManager ReloadAssembly
Native extension for WindowsStandalone target not found
Native extension for WebGL target not found
Refreshing native plugins compatible for Editor in 0.20 ms, found 0 plugins.
Preloading 0 native plugins for Editor in 0.00 ms.
Mono: successfully reloaded assembly
- Completed reload, in  0.753 seconds
Domain Reload Profiling:
	ReloadAssembly (754ms)
		BeginReloadAssembly (119ms)
			ExecutionOrderSort (0ms)
			DisableScriptedObjects (6ms)
			BackupInstance (0ms)
			ReleaseScriptingObjects (0ms)
			CreateAndSetChildDomain (18ms)
		EndReloadAssembly (531ms)
			LoadAssemblies (73ms)
			RebuildTransferFunctionScriptingTraits (0ms)
			SetupTypeCache (146ms)
			ReleaseScriptCaches (0ms)
			RebuildScriptCaches (40ms)
			SetupLoadedEditorAssemblies (256ms)
				LogAssemblyErrors (0ms)
				InitializePlatformSupportModulesInManaged (6ms)
				SetLoadedEditorAssemblies (0ms)
				RefreshPlugins (0ms)
				BeforeProcessingInitializeOnLoad (47ms)
				ProcessInitializeOnLoadAttributes (120ms)
				ProcessInitializeOnLoadMethodAttributes (76ms)
				AfterProcessingInitializeOnLoad (6ms)
				EditorAssembliesLoaded (0ms)
			ExecutionOrderSort2 (0ms)
			AwakeInstancesAfterBackupRestoration (4ms)
Platform modules already initialized, skipping
========================================================================
Worker process is ready to serve import requests
Launched and connected shader compiler UnityShaderCompiler.exe after 0.04 seconds
Refreshing native plugins compatible for Editor in 0.38 ms, found 0 plugins.
Preloading 0 native plugins for Editor in 0.00 ms.
Unloading 1203 Unused Serialized files (Serialized files now loaded: 0)
Unloading 51 unused Assets / (102.1 KB). Loaded Objects now: 1669.
Memory consumption went from 62.6 MB to 62.5 MB.
Total: 2.622600 ms (FindLiveObjects: 0.155500 ms CreateObjectMapping: 0.103400 ms MarkObjects: 2.250100 ms  DeleteObjects: 0.112500 ms)

AssetImportParameters requested are different than current active one (requested -> active):
  custom:video-decoder-ogg-theora: a1e56fd34408186e4bbccfd4996cb3dc -> 
  custom:container-muxer-webm: aa71ff27fc2769a1b78a27578f13a17b -> 
  custom:container-demuxer-webm: 4f35f7cbe854078d1ac9338744f61a02 -> 
  custom:video-encoder-webm-vp8: eb34c28f22e8b96e1ab97ce403110664 -> 
  custom:video-codec-MediaFoundation-h265: 746d11721c4dcdbdad8f713fa42b33f4 -> 
  custom:audio-encoder-webm-vorbis: bf7c407c2cedff20999df2af8eb42d56 -> 
  custom:framework-win-MediaFoundation: 216162199b28c13a410421893ffa2e32 -> 
  custom:container-demuxer-ogg: 62fdf1f143b41e24485cea50d1cbac27 -> 
  custom:video-decoder-webm-vp8: 9c59270c3fd7afecdb556c50c9e8de78 -> 
  custom:audio-decoder-ogg-vorbis: bf7c407c2cedff20999df2af8eb42d56 -> 
========================================================================
Received Import Request.
  Time since last request: 516736.019731 seconds.
  path: Assets/Artes finales/Parallax_fondo1/Fondo fantasía/fondo.png
  artifactKey: Guid(92528f34e73986b45b98c90383fb763d) Importer(815301076,1909f56bfc062723c751e8b465ee728b)
Start importing Assets/Artes finales/Parallax_fondo1/Fondo fantasía/fondo.png using Guid(92528f34e73986b45b98c90383fb763d) Importer(815301076,1909f56bfc062723c751e8b465ee728b)  -> (artifact id: '2c084f6770782e621d0b05a004955709') in 0.145105 seconds 
========================================================================
Received Import Request.
  Time since last request: 0.000019 seconds.
  path: Assets/Artes finales/Parallax_fondo1/Fondo fantasía/paralax4_entero2.png
  artifactKey: Guid(dd0f7fa145dc86744aa7e4dcfbae7dfb) Importer(815301076,1909f56bfc062723c751e8b465ee728b)
Start importing Assets/Artes finales/Parallax_fondo1/Fondo fantasía/paralax4_entero2.png using Guid(dd0f7fa145dc86744aa7e4dcfbae7dfb) Importer(815301076,1909f56bfc062723c751e8b465ee728b)  -> (artifact id: 'a39f5022a6419b4364c5058db3e57eab') in 0.043733 seconds 
========================================================================
Received Import Request.
  Time since last request: 0.000028 seconds.
  path: Assets/Artes finales/Parallax_fondo1/Fondo fantasía
  artifactKey: Guid(91210681b45192749b2c337ae35c519e) Importer(815301076,1909f56bfc062723c751e8b465ee728b)
Start importing Assets/Artes finales/Parallax_fondo1/Fondo fantasía using Guid(91210681b45192749b2c337ae35c519e) Importer(815301076,1909f56bfc062723c751e8b465ee728b)  -> (artifact id: '97b45d83845c94a98e238956dca5eeee') in 0.006198 seconds 
========================================================================
Received Import Request.
  Time since last request: 0.000016 seconds.
  path: Assets/Artes finales/Parallax_fondo1/Fondo fantasía/paralax4_entero.png
  artifactKey: Guid(c91d1b3c09c6bb1418b562009a7e770e) Importer(815301076,1909f56bfc062723c751e8b465ee728b)
Start importing Assets/Artes finales/Parallax_fondo1/Fondo fantasía/paralax4_entero.png using Guid(c91d1b3c09c6bb1418b562009a7e770e) Importer(815301076,1909f56bfc062723c751e8b465ee728b)  -> (artifact id: 'a22019434d4d957e8208d763f01eef8d') in 0.048620 seconds 
========================================================================
Received Import Request.
  Time since last request: 0.000024 seconds.
  path: Assets/Artes finales/Parallax_fondo1/Fondo fantasía/Parallax 3 separado
  artifactKey: Guid(997ad4223cb14d344916d4079daec342) Importer(815301076,1909f56bfc062723c751e8b465ee728b)
Start importing Assets/Artes finales/Parallax_fondo1/Fondo fantasía/Parallax 3 separado using Guid(997ad4223cb14d344916d4079daec342) Importer(815301076,1909f56bfc062723c751e8b465ee728b)  -> (artifact id: '1501df9dbb77d68aa7607ddae77d47fe') in 0.007117 seconds 
========================================================================
Received Import Request.
  Time since last request: 0.000016 seconds.
  path: Assets/Artes finales/Parallax_fondo1/Fondo fantasía/paralax5.png
  artifactKey: Guid(578b2626aa0fe9240a1a5174398af41c) Importer(815301076,1909f56bfc062723c751e8b465ee728b)
Start importing Assets/Artes finales/Parallax_fondo1/Fondo fantasía/paralax5.png using Guid(578b2626aa0fe9240a1a5174398af41c) Importer(815301076,1909f56bfc062723c751e8b465ee728b)  -> (artifact id: '98c95853b88f117ebd7e91c5b2f02a39') in 0.039651 seconds 
========================================================================
Received Import Request.
  Time since last request: 57.269496 seconds.
  path: Assets/Artes finales/Parallax_fondo/Fondo fantasía/paralax1.png
  artifactKey: Guid(8872ee32bcc805b43846d90f02a38c7a) Importer(815301076,1909f56bfc062723c751e8b465ee728b)
Start importing Assets/Artes finales/Parallax_fondo/Fondo fantasía/paralax1.png using Guid(8872ee32bcc805b43846d90f02a38c7a) Importer(815301076,1909f56bfc062723c751e8b465ee728b)  -> (artifact id: '33b6aad1559d23bd547bdcb83e680b5a') in 0.040941 seconds 
========================================================================
Received Import Request.
  Time since last request: 0.000037 seconds.
  path: Assets/Artes finales/Parallax_fondo/Fondo fantasía/paralax4.png
  artifactKey: Guid(ae2d348220af25d45abf8617231dcf7f) Importer(815301076,1909f56bfc062723c751e8b465ee728b)
Start importing Assets/Artes finales/Parallax_fondo/Fondo fantasía/paralax4.png using Guid(ae2d348220af25d45abf8617231dcf7f) Importer(815301076,1909f56bfc062723c751e8b465ee728b)  -> (artifact id: '23943a573ee3c11b8019e85fd9d6147b') in 0.049068 seconds 
========================================================================
Received Prepare
Registering precompiled user dll's ...
Registered in 0.000607 seconds.
Begin MonoManager ReloadAssembly
Native extension for WindowsStandalone target not found
Native extension for WebGL target not found
Refreshing native plugins compatible for Editor in 0.53 ms, found 0 plugins.
Preloading 0 native plugins for Editor in 0.00 ms.
System.Reflection.TargetInvocationException: Exception has been thrown by the target of an invocation. ---> System.NullReferenceException: Object reference not set to an instance of an object
  at XNodeEditor.NodeEditorAssetModProcessor.OnReloadEditor () [0x0004b] in C:\Git hub\Ava_DEMO_2\Assets\xNode-1.8.0\xNode-1.8.0\Scripts\Editor\NodeEditorAssetModProcessor.cs:55 
  at (wrapper managed-to-native) System.Reflection.RuntimeMethodInfo.InternalInvoke(System.Reflection.RuntimeMethodInfo,object,object[],System.Exception&)
  at System.Reflection.RuntimeMethodInfo.Invoke (System.Object obj, System.Reflection.BindingFlags invokeAttr, System.Reflection.Binder binder, System.Object[] parameters, System.Globalization.CultureInfo culture) [0x0006a] in <88e4733ac7bc4ae1b496735e6b83bbd3>:0 
   --- End of inner exception stack trace ---
  at System.Reflection.RuntimeMethodInfo.Invoke (System.Object obj, System.Reflection.BindingFlags invokeAttr, System.Reflection.Binder binder, System.Object[] parameters, System.Globalization.CultureInfo culture) [0x00083] in <88e4733ac7bc4ae1b496735e6b83bbd3>:0 
  at System.Reflection.MethodBase.Invoke (System.Object obj, System.Object[] parameters) [0x00000] in <88e4733ac7bc4ae1b496735e6b83bbd3>:0 
  at UnityEditor.EditorAssemblies.ProcessInitializeOnLoadMethodAttributes () [0x000a5] in <6e08e61cfda04255b3972ba7f0515fae>:0 
UnityEngine.StackTraceUtility:ExtractStackTrace ()
UnityEngine.DebugLogHandler:LogFormat (UnityEngine.LogType,UnityEngine.Object,string,object[])
UnityEngine.Logger:Log (UnityEngine.LogType,object)
UnityEngine.Debug:LogError (object)
UnityEditor.EditorAssemblies:ProcessInitializeOnLoadMethodAttributes ()

Mono: successfully reloaded assembly
- Completed reload, in  0.961 seconds
Domain Reload Profiling:
	ReloadAssembly (961ms)
		BeginReloadAssembly (127ms)
			ExecutionOrderSort (0ms)
			DisableScriptedObjects (8ms)
			BackupInstance (0ms)
			ReleaseScriptingObjects (0ms)
			CreateAndSetChildDomain (26ms)
		EndReloadAssembly (714ms)
			LoadAssemblies (74ms)
			RebuildTransferFunctionScriptingTraits (0ms)
			SetupTypeCache (204ms)
			ReleaseScriptCaches (1ms)
			RebuildScriptCaches (49ms)
			SetupLoadedEditorAssemblies (319ms)
				LogAssemblyErrors (0ms)
				InitializePlatformSupportModulesInManaged (7ms)
				SetLoadedEditorAssemblies (1ms)
				RefreshPlugins (1ms)
				BeforeProcessingInitializeOnLoad (50ms)
				ProcessInitializeOnLoadAttributes (158ms)
				ProcessInitializeOnLoadMethodAttributes (96ms)
				AfterProcessingInitializeOnLoad (7ms)
				EditorAssembliesLoaded (0ms)
			ExecutionOrderSort2 (0ms)
			AwakeInstancesAfterBackupRestoration (5ms)
Platform modules already initialized, skipping
Refreshing native plugins compatible for Editor in 0.30 ms, found 0 plugins.
Preloading 0 native plugins for Editor in 0.00 ms.
Unloading 1181 Unused Serialized files (Serialized files now loaded: 0)
Unloading 1 unused Assets / (25.2 KB). Loaded Objects now: 1690.
Memory consumption went from 64.8 MB to 64.8 MB.
Total: 2.151200 ms (FindLiveObjects: 0.120100 ms CreateObjectMapping: 0.043000 ms MarkObjects: 1.969600 ms  DeleteObjects: 0.017700 ms)

AssetImportParameters requested are different than current active one (requested -> active):
  custom:video-decoder-ogg-theora: a1e56fd34408186e4bbccfd4996cb3dc -> 
  custom:container-muxer-webm: aa71ff27fc2769a1b78a27578f13a17b -> 
  custom:container-demuxer-webm: 4f35f7cbe854078d1ac9338744f61a02 -> 
  custom:video-encoder-webm-vp8: eb34c28f22e8b96e1ab97ce403110664 -> 
  custom:video-codec-MediaFoundation-h265: 746d11721c4dcdbdad8f713fa42b33f4 -> 
  custom:audio-encoder-webm-vorbis: bf7c407c2cedff20999df2af8eb42d56 -> 
  custom:framework-win-MediaFoundation: 216162199b28c13a410421893ffa2e32 -> 
  custom:container-demuxer-ogg: 62fdf1f143b41e24485cea50d1cbac27 -> 
  custom:video-decoder-webm-vp8: 9c59270c3fd7afecdb556c50c9e8de78 -> 
  custom:audio-decoder-ogg-vorbis: bf7c407c2cedff20999df2af8eb42d56 -> 
========================================================================
Received Import Request.
  Time since last request: 302.468236 seconds.
  path: Assets/Artes finales/Parallax_fondo1/Fondo normal/paralax1.png
  artifactKey: Guid(2df77377334cb6f49bcb8f03491e51f4) Importer(815301076,1909f56bfc062723c751e8b465ee728b)
Start importing Assets/Artes finales/Parallax_fondo1/Fondo normal/paralax1.png using Guid(2df77377334cb6f49bcb8f03491e51f4) Importer(815301076,1909f56bfc062723c751e8b465ee728b)  -> (artifact id: '2e51fc7c7c24bb4f486412ebb41039d9') in 0.123747 seconds 
========================================================================
Received Import Request.
  Time since last request: 0.000022 seconds.
  path: Assets/Artes finales/Parallax_fondo1/Fondo normal/paralax5.png
  artifactKey: Guid(7ef7b618771902d46b5b56966ef1f055) Importer(815301076,1909f56bfc062723c751e8b465ee728b)
Start importing Assets/Artes finales/Parallax_fondo1/Fondo normal/paralax5.png using Guid(7ef7b618771902d46b5b56966ef1f055) Importer(815301076,1909f56bfc062723c751e8b465ee728b)  -> (artifact id: 'a70bedc45d7a18ccebe35a169fb445c8') in 0.048620 seconds 
========================================================================
Received Import Request.
  Time since last request: 0.000030 seconds.
  path: Assets/Artes finales/Parallax_fondo1/Fondo normal/paralax4_entero.png
  artifactKey: Guid(f8a479bd682a436418a151e4244c6811) Importer(815301076,1909f56bfc062723c751e8b465ee728b)
Start importing Assets/Artes finales/Parallax_fondo1/Fondo normal/paralax4_entero.png using Guid(f8a479bd682a436418a151e4244c6811) Importer(815301076,1909f56bfc062723c751e8b465ee728b)  -> (artifact id: '2ea079e4308331e572b5047d74ee04e0') in 0.038997 seconds 
========================================================================
Received Import Request.
  Time since last request: 0.000019 seconds.
  path: Assets/Artes finales/Parallax_fondo1/Fondo normal/paralax4.png
  artifactKey: Guid(5ce68f36f60def84ba40fca169ea7de3) Importer(815301076,1909f56bfc062723c751e8b465ee728b)
Start importing Assets/Artes finales/Parallax_fondo1/Fondo normal/paralax4.png using Guid(5ce68f36f60def84ba40fca169ea7de3) Importer(815301076,1909f56bfc062723c751e8b465ee728b)  -> (artifact id: 'e467c949c29e43fcbf3822bddfac0678') in 0.037990 seconds 
========================================================================
Received Import Request.
  Time since last request: 4.475974 seconds.
  path: Assets/Artes finales/Parallax_fondo1/Fondo normal/Paralax3 elementos sueltos/P3-árbol-y-demás.png
  artifactKey: Guid(b09d2665f4464e9419cdfdd1992648c9) Importer(815301076,1909f56bfc062723c751e8b465ee728b)
Start importing Assets/Artes finales/Parallax_fondo1/Fondo normal/Paralax3 elementos sueltos/P3-árbol-y-demás.png using Guid(b09d2665f4464e9419cdfdd1992648c9) Importer(815301076,1909f56bfc062723c751e8b465ee728b)  -> (artifact id: '47b0518c81a1b0c400113e063d0024c5') in 0.048796 seconds 
========================================================================
Received Import Request.
  Time since last request: 48.604113 seconds.
  path: Assets/Artes finales/Parallax_fondo/Fondo normal/paralax1.png
  artifactKey: Guid(cd3eaa7e4ac8b2445956988b8b052368) Importer(815301076,1909f56bfc062723c751e8b465ee728b)
Start importing Assets/Artes finales/Parallax_fondo/Fondo normal/paralax1.png using Guid(cd3eaa7e4ac8b2445956988b8b052368) Importer(815301076,1909f56bfc062723c751e8b465ee728b)  -> (artifact id: '0ca7c2d6959cd8a2110220433c5504b0') in 0.041565 seconds 
========================================================================
Received Import Request.
  Time since last request: 0.000014 seconds.
  path: Assets/Artes finales/Parallax_fondo/Fondo normal/paralax4.png
  artifactKey: Guid(05d5e50ab968e6d489186a15d60297b0) Importer(815301076,1909f56bfc062723c751e8b465ee728b)
Start importing Assets/Artes finales/Parallax_fondo/Fondo normal/paralax4.png using Guid(05d5e50ab968e6d489186a15d60297b0) Importer(815301076,1909f56bfc062723c751e8b465ee728b)  -> (artifact id: 'f4de7bcade3c91aa02928456919821d6') in 0.049970 seconds 
========================================================================
Received Import Request.
  Time since last request: 0.000013 seconds.
  path: Assets/Artes finales/Parallax_fondo/Fondo normal/paralax5.png
  artifactKey: Guid(bb199cc4fe7b7a949a3ee5dabae3a22a) Importer(815301076,1909f56bfc062723c751e8b465ee728b)
Start importing Assets/Artes finales/Parallax_fondo/Fondo normal/paralax5.png using Guid(bb199cc4fe7b7a949a3ee5dabae3a22a) Importer(815301076,1909f56bfc062723c751e8b465ee728b)  -> (artifact id: '912caec254c6a9bbe1811fefc74b633f') in 0.051030 seconds 
========================================================================
Received Import Request.
  Time since last request: 18.371003 seconds.
  path: Assets/Artes finales/Parallax_fondo/Fondo fantasía/Parallax 3 separado/P3-árbol-y-demás_f.png
  artifactKey: Guid(90ba2ce5ad30fa44eab12fbade8cb4ee) Importer(815301076,1909f56bfc062723c751e8b465ee728b)
Start importing Assets/Artes finales/Parallax_fondo/Fondo fantasía/Parallax 3 separado/P3-árbol-y-demás_f.png using Guid(90ba2ce5ad30fa44eab12fbade8cb4ee) Importer(815301076,1909f56bfc062723c751e8b465ee728b)  -> (artifact id: '051084f6e350571418d1107ff823b558') in 0.042373 seconds 
========================================================================
Received Import Request.
  Time since last request: 26.467965 seconds.
  path: Assets/Artes finales/Parallax_fondo/Fondo normal/Paralax3 elementos sueltos/P3-árbol-y-demás.png
  artifactKey: Guid(3a07e42887e2c7845a20132d2d92a4d2) Importer(815301076,1909f56bfc062723c751e8b465ee728b)
Start importing Assets/Artes finales/Parallax_fondo/Fondo normal/Paralax3 elementos sueltos/P3-árbol-y-demás.png using Guid(3a07e42887e2c7845a20132d2d92a4d2) Importer(815301076,1909f56bfc062723c751e8b465ee728b)  -> (artifact id: 'a9ed798cbbc9a6e18150630c2eaee1fa') in 0.045261 seconds 
========================================================================
Received Import Request.
  Time since last request: 41.031061 seconds.
  path: Assets/Artes finales/Parallax_fondo/Fondo normal/Plataformas separadas/plataforma2.png
  artifactKey: Guid(b1d8c57760be10d47b3dba7c81fd1561) Importer(815301076,1909f56bfc062723c751e8b465ee728b)
Start importing Assets/Artes finales/Parallax_fondo/Fondo normal/Plataformas separadas/plataforma2.png using Guid(b1d8c57760be10d47b3dba7c81fd1561) Importer(815301076,1909f56bfc062723c751e8b465ee728b)  -> (artifact id: 'c0f1f10a9666894c726c7157a610dd9c') in 0.019117 seconds 
========================================================================
Received Import Request.
  Time since last request: 120.945404 seconds.
  path: Assets/Artes finales/Parallax_fondo1/Fondo normal/Plataformas separadas/plataforma2.png
  artifactKey: Guid(f2d3ed5f7fd81c542981f832d76d2051) Importer(815301076,1909f56bfc062723c751e8b465ee728b)
Start importing Assets/Artes finales/Parallax_fondo1/Fondo normal/Plataformas separadas/plataforma2.png using Guid(f2d3ed5f7fd81c542981f832d76d2051) Importer(815301076,1909f56bfc062723c751e8b465ee728b)  -> (artifact id: 'c00af40de16e714df8378b47d5fea317') in 0.017745 seconds 
========================================================================
Received Import Request.
  Time since last request: 362.447007 seconds.
  path: Assets/Artes finales/Fondos/Fondo fantasía/Plataformas separadas/plataforma2.png
  artifactKey: Guid(b757c0dab8d2dc5439c209ebf4a764c6) Importer(815301076,1909f56bfc062723c751e8b465ee728b)
Start importing Assets/Artes finales/Fondos/Fondo fantasía/Plataformas separadas/plataforma2.png using Guid(b757c0dab8d2dc5439c209ebf4a764c6) Importer(815301076,1909f56bfc062723c751e8b465ee728b)  -> (artifact id: 'be0a6f072a2e5268ee0cb7be4e8e6c2f') in 0.015624 seconds 
========================================================================
Received Prepare
Registering precompiled user dll's ...
Registered in 0.000773 seconds.
Begin MonoManager ReloadAssembly
Native extension for WindowsStandalone target not found
Native extension for WebGL target not found
Refreshing native plugins compatible for Editor in 0.25 ms, found 0 plugins.
Preloading 0 native plugins for Editor in 0.00 ms.
System.Reflection.TargetInvocationException: Exception has been thrown by the target of an invocation. ---> System.NullReferenceException: Object reference not set to an instance of an object
  at XNodeEditor.NodeEditorAssetModProcessor.OnReloadEditor () [0x0004b] in C:\Git hub\Ava_DEMO_2\Assets\xNode-1.8.0\xNode-1.8.0\Scripts\Editor\NodeEditorAssetModProcessor.cs:55 
  at (wrapper managed-to-native) System.Reflection.RuntimeMethodInfo.InternalInvoke(System.Reflection.RuntimeMethodInfo,object,object[],System.Exception&)
  at System.Reflection.RuntimeMethodInfo.Invoke (System.Object obj, System.Reflection.BindingFlags invokeAttr, System.Reflection.Binder binder, System.Object[] parameters, System.Globalization.CultureInfo culture) [0x0006a] in <88e4733ac7bc4ae1b496735e6b83bbd3>:0 
   --- End of inner exception stack trace ---
  at System.Reflection.RuntimeMethodInfo.Invoke (System.Object obj, System.Reflection.BindingFlags invokeAttr, System.Reflection.Binder binder, System.Object[] parameters, System.Globalization.CultureInfo culture) [0x00083] in <88e4733ac7bc4ae1b496735e6b83bbd3>:0 
  at System.Reflection.MethodBase.Invoke (System.Object obj, System.Object[] parameters) [0x00000] in <88e4733ac7bc4ae1b496735e6b83bbd3>:0 
  at UnityEditor.EditorAssemblies.ProcessInitializeOnLoadMethodAttributes () [0x000a5] in <6e08e61cfda04255b3972ba7f0515fae>:0 
UnityEngine.StackTraceUtility:ExtractStackTrace ()
UnityEngine.DebugLogHandler:LogFormat (UnityEngine.LogType,UnityEngine.Object,string,object[])
UnityEngine.Logger:Log (UnityEngine.LogType,object)
UnityEngine.Debug:LogError (object)
UnityEditor.EditorAssemblies:ProcessInitializeOnLoadMethodAttributes ()

Mono: successfully reloaded assembly
- Completed reload, in  0.737 seconds
Domain Reload Profiling:
	ReloadAssembly (738ms)
		BeginReloadAssembly (124ms)
			ExecutionOrderSort (0ms)
			DisableScriptedObjects (6ms)
			BackupInstance (0ms)
			ReleaseScriptingObjects (0ms)
			CreateAndSetChildDomain (23ms)
		EndReloadAssembly (515ms)
			LoadAssemblies (70ms)
			RebuildTransferFunctionScriptingTraits (0ms)
			SetupTypeCache (139ms)
			ReleaseScriptCaches (1ms)
			RebuildScriptCaches (35ms)
			SetupLoadedEditorAssemblies (241ms)
				LogAssemblyErrors (0ms)
				InitializePlatformSupportModulesInManaged (6ms)
				SetLoadedEditorAssemblies (0ms)
				RefreshPlugins (0ms)
				BeforeProcessingInitializeOnLoad (37ms)
				ProcessInitializeOnLoadAttributes (111ms)
				ProcessInitializeOnLoadMethodAttributes (78ms)
				AfterProcessingInitializeOnLoad (7ms)
				EditorAssembliesLoaded (0ms)
			ExecutionOrderSort2 (0ms)
			AwakeInstancesAfterBackupRestoration (5ms)
Platform modules already initialized, skipping
Refreshing native plugins compatible for Editor in 0.33 ms, found 0 plugins.
Preloading 0 native plugins for Editor in 0.00 ms.
Unloading 1181 Unused Serialized files (Serialized files now loaded: 0)
Unloading 1 unused Assets / (25.2 KB). Loaded Objects now: 1695.
Memory consumption went from 64.8 MB to 64.8 MB.
Total: 2.583000 ms (FindLiveObjects: 0.146000 ms CreateObjectMapping: 0.051200 ms MarkObjects: 2.341800 ms  DeleteObjects: 0.042500 ms)

AssetImportParameters requested are different than current active one (requested -> active):
  custom:video-decoder-ogg-theora: a1e56fd34408186e4bbccfd4996cb3dc -> 
  custom:container-muxer-webm: aa71ff27fc2769a1b78a27578f13a17b -> 
  custom:container-demuxer-webm: 4f35f7cbe854078d1ac9338744f61a02 -> 
  custom:video-encoder-webm-vp8: eb34c28f22e8b96e1ab97ce403110664 -> 
  custom:video-codec-MediaFoundation-h265: 746d11721c4dcdbdad8f713fa42b33f4 -> 
  custom:audio-encoder-webm-vorbis: bf7c407c2cedff20999df2af8eb42d56 -> 
  custom:framework-win-MediaFoundation: 216162199b28c13a410421893ffa2e32 -> 
  custom:container-demuxer-ogg: 62fdf1f143b41e24485cea50d1cbac27 -> 
  custom:video-decoder-webm-vp8: 9c59270c3fd7afecdb556c50c9e8de78 -> 
  custom:audio-decoder-ogg-vorbis: bf7c407c2cedff20999df2af8eb42d56 -> 
========================================================================
Received Prepare
Registering precompiled user dll's ...
Registered in 0.000559 seconds.
Begin MonoManager ReloadAssembly
Native extension for WindowsStandalone target not found
Native extension for WebGL target not found
Refreshing native plugins compatible for Editor in 0.25 ms, found 0 plugins.
Preloading 0 native plugins for Editor in 0.00 ms.
System.Reflection.TargetInvocationException: Exception has been thrown by the target of an invocation. ---> System.NullReferenceException: Object reference not set to an instance of an object
  at XNodeEditor.NodeEditorAssetModProcessor.OnReloadEditor () [0x0004b] in C:\Git hub\Ava_DEMO_2\Assets\xNode-1.8.0\xNode-1.8.0\Scripts\Editor\NodeEditorAssetModProcessor.cs:55 
  at (wrapper managed-to-native) System.Reflection.RuntimeMethodInfo.InternalInvoke(System.Reflection.RuntimeMethodInfo,object,object[],System.Exception&)
  at System.Reflection.RuntimeMethodInfo.Invoke (System.Object obj, System.Reflection.BindingFlags invokeAttr, System.Reflection.Binder binder, System.Object[] parameters, System.Globalization.CultureInfo culture) [0x0006a] in <88e4733ac7bc4ae1b496735e6b83bbd3>:0 
   --- End of inner exception stack trace ---
  at System.Reflection.RuntimeMethodInfo.Invoke (System.Object obj, System.Reflection.BindingFlags invokeAttr, System.Reflection.Binder binder, System.Object[] parameters, System.Globalization.CultureInfo culture) [0x00083] in <88e4733ac7bc4ae1b496735e6b83bbd3>:0 
  at System.Reflection.MethodBase.Invoke (System.Object obj, System.Object[] parameters) [0x00000] in <88e4733ac7bc4ae1b496735e6b83bbd3>:0 
  at UnityEditor.EditorAssemblies.ProcessInitializeOnLoadMethodAttributes () [0x000a5] in <6e08e61cfda04255b3972ba7f0515fae>:0 
UnityEngine.StackTraceUtility:ExtractStackTrace ()
UnityEngine.DebugLogHandler:LogFormat (UnityEngine.LogType,UnityEngine.Object,string,object[])
UnityEngine.Logger:Log (UnityEngine.LogType,object)
UnityEngine.Debug:LogError (object)
UnityEditor.EditorAssemblies:ProcessInitializeOnLoadMethodAttributes ()

Mono: successfully reloaded assembly
- Completed reload, in  0.714 seconds
Domain Reload Profiling:
	ReloadAssembly (714ms)
		BeginReloadAssembly (120ms)
			ExecutionOrderSort (0ms)
			DisableScriptedObjects (6ms)
			BackupInstance (0ms)
			ReleaseScriptingObjects (0ms)
			CreateAndSetChildDomain (22ms)
		EndReloadAssembly (504ms)
			LoadAssemblies (72ms)
			RebuildTransferFunctionScriptingTraits (0ms)
			SetupTypeCache (124ms)
			ReleaseScriptCaches (1ms)
			RebuildScriptCaches (31ms)
			SetupLoadedEditorAssemblies (247ms)
				LogAssemblyErrors (0ms)
				InitializePlatformSupportModulesInManaged (7ms)
				SetLoadedEditorAssemblies (0ms)
				RefreshPlugins (0ms)
				BeforeProcessingInitializeOnLoad (38ms)
				ProcessInitializeOnLoadAttributes (120ms)
				ProcessInitializeOnLoadMethodAttributes (75ms)
				AfterProcessingInitializeOnLoad (7ms)
				EditorAssembliesLoaded (0ms)
			ExecutionOrderSort2 (0ms)
			AwakeInstancesAfterBackupRestoration (6ms)
Platform modules already initialized, skipping
Refreshing native plugins compatible for Editor in 0.33 ms, found 0 plugins.
Preloading 0 native plugins for Editor in 0.00 ms.
Unloading 1181 Unused Serialized files (Serialized files now loaded: 0)
Unloading 1 unused Assets / (25.2 KB). Loaded Objects now: 1698.
Memory consumption went from 64.8 MB to 64.8 MB.
Total: 2.139600 ms (FindLiveObjects: 0.124300 ms CreateObjectMapping: 0.048600 ms MarkObjects: 1.949900 ms  DeleteObjects: 0.016100 ms)

AssetImportParameters requested are different than current active one (requested -> active):
  custom:video-decoder-ogg-theora: a1e56fd34408186e4bbccfd4996cb3dc -> 
  custom:container-muxer-webm: aa71ff27fc2769a1b78a27578f13a17b -> 
  custom:container-demuxer-webm: 4f35f7cbe854078d1ac9338744f61a02 -> 
  custom:video-encoder-webm-vp8: eb34c28f22e8b96e1ab97ce403110664 -> 
  custom:video-codec-MediaFoundation-h265: 746d11721c4dcdbdad8f713fa42b33f4 -> 
  custom:audio-encoder-webm-vorbis: bf7c407c2cedff20999df2af8eb42d56 -> 
  custom:framework-win-MediaFoundation: 216162199b28c13a410421893ffa2e32 -> 
  custom:container-demuxer-ogg: 62fdf1f143b41e24485cea50d1cbac27 -> 
  custom:video-decoder-webm-vp8: 9c59270c3fd7afecdb556c50c9e8de78 -> 
  custom:audio-decoder-ogg-vorbis: bf7c407c2cedff20999df2af8eb42d56 -> 
========================================================================
Received Import Request.
  Time since last request: 433.969342 seconds.
  path: Assets/CasualGameSounds/Cherry.wav
  artifactKey: Guid(2c5292ba5cf254919a6b9e2b18e04f49) Importer(815301076,1909f56bfc062723c751e8b465ee728b)
Start importing Assets/CasualGameSounds/Cherry.wav using Guid(2c5292ba5cf254919a6b9e2b18e04f49) Importer(815301076,1909f56bfc062723c751e8b465ee728b)  -> (artifact id: 'e1aac074bdc70338bf7188a335b8f673') in 0.067353 seconds 
========================================================================
Received Import Request.
  Time since last request: 0.000014 seconds.
  path: Assets/CasualGameSounds/DM-CGS-18.wav
  artifactKey: Guid(2667a0a008b044e218b63df62e2be749) Importer(815301076,1909f56bfc062723c751e8b465ee728b)
Start importing Assets/CasualGameSounds/DM-CGS-18.wav using Guid(2667a0a008b044e218b63df62e2be749) Importer(815301076,1909f56bfc062723c751e8b465ee728b)  -> (artifact id: 'cca5b8e2a30835c60b1eb070c7a0ce73') in 0.016292 seconds 
========================================================================
Received Import Request.
  Time since last request: 0.000017 seconds.
  path: Assets/CasualGameSounds/DM-CGS-16.wav
  artifactKey: Guid(724131bc8a7f34041bb9f1701f0cb58d) Importer(815301076,1909f56bfc062723c751e8b465ee728b)
Start importing Assets/CasualGameSounds/DM-CGS-16.wav using Guid(724131bc8a7f34041bb9f1701f0cb58d) Importer(815301076,1909f56bfc062723c751e8b465ee728b)  -> (artifact id: '2341d2846101d32ed6487be77d439fa4') in 0.017441 seconds 
========================================================================
Received Import Request.
  Time since last request: 0.000013 seconds.
  path: Assets/CasualGameSounds/DM-CGS-30.wav
  artifactKey: Guid(130a177e727814a2ea78a886ab72213d) Importer(815301076,1909f56bfc062723c751e8b465ee728b)
Start importing Assets/CasualGameSounds/DM-CGS-30.wav using Guid(130a177e727814a2ea78a886ab72213d) Importer(815301076,1909f56bfc062723c751e8b465ee728b)  -> (artifact id: '396db755a8125feff73af3fad4d1acb6') in 0.013570 seconds 
========================================================================
Received Import Request.
  Time since last request: 0.000013 seconds.
  path: Assets/CasualGameSounds/DM-CGS-25.wav
  artifactKey: Guid(5fdb13d3756c84fecac96f5a2d124370) Importer(815301076,1909f56bfc062723c751e8b465ee728b)
Start importing Assets/CasualGameSounds/DM-CGS-25.wav using Guid(5fdb13d3756c84fecac96f5a2d124370) Importer(815301076,1909f56bfc062723c751e8b465ee728b)  -> (artifact id: '7fc5b9c27491b5c0f62438ccfdfbe6cb') in 0.014180 seconds 
========================================================================
Received Import Request.
  Time since last request: 0.000015 seconds.
  path: Assets/CasualGameSounds/DM-CGS-17.wav
  artifactKey: Guid(b9eff218e132a4e76be78840eca96fb2) Importer(815301076,1909f56bfc062723c751e8b465ee728b)
Start importing Assets/CasualGameSounds/DM-CGS-17.wav using Guid(b9eff218e132a4e76be78840eca96fb2) Importer(815301076,1909f56bfc062723c751e8b465ee728b)  -> (artifact id: 'bda647be89822f6d7e1b049752caf00e') in 0.013674 seconds 
========================================================================
Received Import Request.
  Time since last request: 0.000027 seconds.
  path: Assets/CasualGameSounds/DM-CGS-23.wav
  artifactKey: Guid(a0ca8964c08d54c5dbebf245bdc474ca) Importer(815301076,1909f56bfc062723c751e8b465ee728b)
Start importing Assets/CasualGameSounds/DM-CGS-23.wav using Guid(a0ca8964c08d54c5dbebf245bdc474ca) Importer(815301076,1909f56bfc062723c751e8b465ee728b)  -> (artifact id: 'f784d8880d454bc0e10f5544281e3671') in 0.012059 seconds 
========================================================================
Received Import Request.
  Time since last request: 0.000012 seconds.
  path: Assets/CasualGameSounds/Landing.wav
  artifactKey: Guid(b99da9a57308d4ba1bee1cf1d9038376) Importer(815301076,1909f56bfc062723c751e8b465ee728b)
Start importing Assets/CasualGameSounds/Landing.wav using Guid(b99da9a57308d4ba1bee1cf1d9038376) Importer(815301076,1909f56bfc062723c751e8b465ee728b)  -> (artifact id: '9424578f24de3c9fc059f1d41e387c56') in 0.015376 seconds 
========================================================================
Received Import Request.
  Time since last request: 0.000015 seconds.
  path: Assets/CasualGameSounds/DM-CGS-14.wav
  artifactKey: Guid(b6428d4edb06344ba829da4edd9967c1) Importer(815301076,1909f56bfc062723c751e8b465ee728b)
Start importing Assets/CasualGameSounds/DM-CGS-14.wav using Guid(b6428d4edb06344ba829da4edd9967c1) Importer(815301076,1909f56bfc062723c751e8b465ee728b)  -> (artifact id: '46a9eb4876634e58c1f06ded70abd5fa') in 0.016782 seconds 
========================================================================
Received Import Request.
  Time since last request: 0.000016 seconds.
  path: Assets/CasualGameSounds/DM-CGS-40.wav
  artifactKey: Guid(0994c12e202f342459a4212e7287f7e8) Importer(815301076,1909f56bfc062723c751e8b465ee728b)
Start importing Assets/CasualGameSounds/DM-CGS-40.wav using Guid(0994c12e202f342459a4212e7287f7e8) Importer(815301076,1909f56bfc062723c751e8b465ee728b)  -> (artifact id: '6e6d27a8f41f9f739d93350909acdb0e') in 0.014513 seconds 
========================================================================
Received Import Request.
  Time since last request: 0.000013 seconds.
  path: Assets/CasualGameSounds/DM-CGS-41.wav
  artifactKey: Guid(7e9ee6dc04a5d40d1a5dfc4beb9865e7) Importer(815301076,1909f56bfc062723c751e8b465ee728b)
Start importing Assets/CasualGameSounds/DM-CGS-41.wav using Guid(7e9ee6dc04a5d40d1a5dfc4beb9865e7) Importer(815301076,1909f56bfc062723c751e8b465ee728b)  -> (artifact id: '4ba8efce1a2ecdd1f7a5392b9c627f7e') in 0.015247 seconds 
========================================================================
Received Import Request.
  Time since last request: 0.000020 seconds.
  path: Assets/CasualGameSounds/DM-CGS-37.wav
  artifactKey: Guid(a931da70ee74947d5a047de583170ade) Importer(815301076,1909f56bfc062723c751e8b465ee728b)
Start importing Assets/CasualGameSounds/DM-CGS-37.wav using Guid(a931da70ee74947d5a047de583170ade) Importer(815301076,1909f56bfc062723c751e8b465ee728b)  -> (artifact id: '47e4ac589c5bc1b893d07e13b8a2ea59') in 0.015514 seconds 
========================================================================
Received Import Request.
  Time since last request: 0.000015 seconds.
  path: Assets/CasualGameSounds/DM-CGS-27.wav
  artifactKey: Guid(5039414d94a6e4e70a5ab9e8833e992a) Importer(815301076,1909f56bfc062723c751e8b465ee728b)
Start importing Assets/CasualGameSounds/DM-CGS-27.wav using Guid(5039414d94a6e4e70a5ab9e8833e992a) Importer(815301076,1909f56bfc062723c751e8b465ee728b)  -> (artifact id: 'cdeff672590a8af672684b5b995f6258') in 0.013535 seconds 
========================================================================
Received Import Request.
  Time since last request: 0.000017 seconds.
  path: Assets/CasualGameSounds/DM-CGS-22.wav
  artifactKey: Guid(d8d04c6f80a1140db85ede568dab1f51) Importer(815301076,1909f56bfc062723c751e8b465ee728b)
Start importing Assets/CasualGameSounds/DM-CGS-22.wav using Guid(d8d04c6f80a1140db85ede568dab1f51) Importer(815301076,1909f56bfc062723c751e8b465ee728b)  -> (artifact id: '0d0ac441415f4585180f97d3bd9bbaa1') in 0.012438 seconds 
========================================================================
Received Import Request.
  Time since last request: 0.000022 seconds.
  path: Assets/CasualGameSounds/DM-CGS-12.wav
  artifactKey: Guid(7478151cf36724a7dada558f746c3633) Importer(815301076,1909f56bfc062723c751e8b465ee728b)
Start importing Assets/CasualGameSounds/DM-CGS-12.wav using Guid(7478151cf36724a7dada558f746c3633) Importer(815301076,1909f56bfc062723c751e8b465ee728b)  -> (artifact id: '72b4598760f3240b1b37609072daacc7') in 0.012224 seconds 
========================================================================
Received Import Request.
  Time since last request: 0.000013 seconds.
  path: Assets/CasualGameSounds/DM-CGS-11.wav
  artifactKey: Guid(a0010a1a0c474473b81729eb770c485f) Importer(815301076,1909f56bfc062723c751e8b465ee728b)
Start importing Assets/CasualGameSounds/DM-CGS-11.wav using Guid(a0010a1a0c474473b81729eb770c485f) Importer(815301076,1909f56bfc062723c751e8b465ee728b)  -> (artifact id: 'ee7e0deeb5610fdb38d95f0498b13ae3') in 0.011721 seconds 
========================================================================
Received Import Request.
  Time since last request: 0.000022 seconds.
  path: Assets/CasualGameSounds/DM-CGS-45.wav
  artifactKey: Guid(52320e590bf774734a288886eba557ba) Importer(815301076,1909f56bfc062723c751e8b465ee728b)
Start importing Assets/CasualGameSounds/DM-CGS-45.wav using Guid(52320e590bf774734a288886eba557ba) Importer(815301076,1909f56bfc062723c751e8b465ee728b)  -> (artifact id: 'cbf9e8254c7b27e456c187be861a4bf6') in 0.011766 seconds 
========================================================================
Received Import Request.
  Time since last request: 0.000024 seconds.
  path: Assets/CasualGameSounds/DM-CGS-26.wav
  artifactKey: Guid(7bd6b897eb5ca4b7d88a205c4a51640c) Importer(815301076,1909f56bfc062723c751e8b465ee728b)
Start importing Assets/CasualGameSounds/DM-CGS-26.wav using Guid(7bd6b897eb5ca4b7d88a205c4a51640c) Importer(815301076,1909f56bfc062723c751e8b465ee728b)  -> (artifact id: 'a16ab80086ba9cace1f0d88c70042149') in 0.015099 seconds 
========================================================================
Received Import Request.
  Time since last request: 0.000022 seconds.
  path: Assets/CasualGameSounds/DM-CGS-46.wav
  artifactKey: Guid(fe0b1f9aeb45b41b089175aeeabd5d95) Importer(815301076,1909f56bfc062723c751e8b465ee728b)
Start importing Assets/CasualGameSounds/DM-CGS-46.wav using Guid(fe0b1f9aeb45b41b089175aeeabd5d95) Importer(815301076,1909f56bfc062723c751e8b465ee728b)  -> (artifact id: '8c651ab376b96bf9a46619667f7b37ae') in 0.011210 seconds 
========================================================================
Received Import Request.
  Time since last request: 0.000023 seconds.
  path: Assets/CasualGameSounds/DM-CGS-08.wav
  artifactKey: Guid(4e1ff8faed12a475eba9be0e46072269) Importer(815301076,1909f56bfc062723c751e8b465ee728b)
Start importing Assets/CasualGameSounds/DM-CGS-08.wav using Guid(4e1ff8faed12a475eba9be0e46072269) Importer(815301076,1909f56bfc062723c751e8b465ee728b)  -> (artifact id: 'e1cf8b7da9ce58c40c7fe85234baec12') in 0.013294 seconds 
========================================================================
Received Import Request.
  Time since last request: 0.000023 seconds.
  path: Assets/CasualGameSounds/DM-CGS-33.wav
  artifactKey: Guid(35fbad8cdde724f11ba6481f1e64af71) Importer(815301076,1909f56bfc062723c751e8b465ee728b)
Start importing Assets/CasualGameSounds/DM-CGS-33.wav using Guid(35fbad8cdde724f11ba6481f1e64af71) Importer(815301076,1909f56bfc062723c751e8b465ee728b)  -> (artifact id: '4744974ee3654b39ab592580c97c7d98') in 0.013105 seconds 
========================================================================
Received Import Request.
  Time since last request: 0.000016 seconds.
  path: Assets/CasualGameSounds/DM-CGS-43.wav
  artifactKey: Guid(4b4dd7245f6104c8c8eb07ccf6b386ed) Importer(815301076,1909f56bfc062723c751e8b465ee728b)
Start importing Assets/CasualGameSounds/DM-CGS-43.wav using Guid(4b4dd7245f6104c8c8eb07ccf6b386ed) Importer(815301076,1909f56bfc062723c751e8b465ee728b)  -> (artifact id: '4e0be31236f346741a4abb25d9fc3d97') in 0.012591 seconds 
========================================================================
Received Import Request.
  Time since last request: 0.000013 seconds.
  path: Assets/CasualGameSounds/DM-CGS-28.wav
  artifactKey: Guid(79180f511d89441b9aa23ccae1992fe0) Importer(815301076,1909f56bfc062723c751e8b465ee728b)
Start importing Assets/CasualGameSounds/DM-CGS-28.wav using Guid(79180f511d89441b9aa23ccae1992fe0) Importer(815301076,1909f56bfc062723c751e8b465ee728b)  -> (artifact id: '72446c805c54e418ec83bb4257fe10db') in 0.018101 seconds 
========================================================================
Received Import Request.
  Time since last request: 0.000013 seconds.
  path: Assets/CasualGameSounds/DM-CGS-34.wav
  artifactKey: Guid(881e3f52c86c94f26a60718d35627cd8) Importer(815301076,1909f56bfc062723c751e8b465ee728b)
Start importing Assets/CasualGameSounds/DM-CGS-34.wav using Guid(881e3f52c86c94f26a60718d35627cd8) Importer(815301076,1909f56bfc062723c751e8b465ee728b)  -> (artifact id: '44285bc0e7f0d5894ea3dd647512b428') in 0.010127 seconds 
========================================================================
Received Import Request.
  Time since last request: 0.000016 seconds.
  path: Assets/CasualGameSounds/DM-CGS-02.wav
  artifactKey: Guid(dc6614beca09347ec9b258f12d154bdd) Importer(815301076,1909f56bfc062723c751e8b465ee728b)
Start importing Assets/CasualGameSounds/DM-CGS-02.wav using Guid(dc6614beca09347ec9b258f12d154bdd) Importer(815301076,1909f56bfc062723c751e8b465ee728b)  -> (artifact id: '3828919bd4ddc700bc38e7d0f8124a84') in 0.010069 seconds 
========================================================================
Received Import Request.
  Time since last request: 20.207889 seconds.
  path: Assets/UI Images/Boton3.png
  artifactKey: Guid(4ce3a24faeebd984187694e579882310) Importer(815301076,1909f56bfc062723c751e8b465ee728b)
Start importing Assets/UI Images/Boton3.png using Guid(4ce3a24faeebd984187694e579882310) Importer(815301076,1909f56bfc062723c751e8b465ee728b)  -> (artifact id: 'e9332dda19b3de90d841c10e8a9bceab') in 0.039055 seconds 
========================================================================
Received Import Request.
  Time since last request: 0.000028 seconds.
  path: Assets/UI Images/StartMenuHD.png
  artifactKey: Guid(21de7e13cf75bcc4289886b28fe2ff42) Importer(815301076,1909f56bfc062723c751e8b465ee728b)
Start importing Assets/UI Images/StartMenuHD.png using Guid(21de7e13cf75bcc4289886b28fe2ff42) Importer(815301076,1909f56bfc062723c751e8b465ee728b)  -> (artifact id: '93659f175f8a0497595d08826c2b7ccb') in 0.138615 seconds 
========================================================================
Received Import Request.
  Time since last request: 5.386501 seconds.
  path: Assets/Sprites/Libreta 1.png
  artifactKey: Guid(6f473343133338c458f794680e7e4d42) Importer(815301076,1909f56bfc062723c751e8b465ee728b)
Start importing Assets/Sprites/Libreta 1.png using Guid(6f473343133338c458f794680e7e4d42) Importer(815301076,1909f56bfc062723c751e8b465ee728b)  -> (artifact id: '9016f9db450d2510e64385032f828670') in 0.102695 seconds 
========================================================================
Received Import Request.
  Time since last request: 0.000014 seconds.
  path: Assets/Sprites/Libreta 2.png
  artifactKey: Guid(9ae043394a63013428874932a02f7f2e) Importer(815301076,1909f56bfc062723c751e8b465ee728b)
Start importing Assets/Sprites/Libreta 2.png using Guid(9ae043394a63013428874932a02f7f2e) Importer(815301076,1909f56bfc062723c751e8b465ee728b)  -> (artifact id: '3b956f601b669a5b1f988537e53ade98') in 0.098683 seconds 
========================================================================
Received Import Request.
  Time since last request: 4.147773 seconds.
  path: Assets/Sound/1_Ataques/swosh-03.flac
  artifactKey: Guid(c821ebbea0643f641ae93d8aabbdd7a0) Importer(815301076,1909f56bfc062723c751e8b465ee728b)
Start importing Assets/Sound/1_Ataques/swosh-03.flac using Guid(c821ebbea0643f641ae93d8aabbdd7a0) Importer(815301076,1909f56bfc062723c751e8b465ee728b)  -> (artifact id: 'e69e2a4b2088a6f9cc1668e76fa01348') in 0.021947 seconds 
========================================================================
Received Import Request.
  Time since last request: 0.000013 seconds.
  path: Assets/Sound/1_Ataques/swosh-05.flac
  artifactKey: Guid(9744801c5c1b3504e81b2fa47a98c571) Importer(815301076,1909f56bfc062723c751e8b465ee728b)
Start importing Assets/Sound/1_Ataques/swosh-05.flac using Guid(9744801c5c1b3504e81b2fa47a98c571) Importer(815301076,1909f56bfc062723c751e8b465ee728b)  -> (artifact id: 'e762344f0f5a04143b91968b254b60e3') in 0.022634 seconds 
========================================================================
Received Import Request.
  Time since last request: 0.000014 seconds.
  path: Assets/Sound/1_Ataques/swosh-04.flac
  artifactKey: Guid(30d8bb9f227ca6f42952b924b80acad2) Importer(815301076,1909f56bfc062723c751e8b465ee728b)
Start importing Assets/Sound/1_Ataques/swosh-04.flac using Guid(30d8bb9f227ca6f42952b924b80acad2) Importer(815301076,1909f56bfc062723c751e8b465ee728b)  -> (artifact id: '46c9c898ee770bb7927b5338c4367ad6') in 0.019560 seconds 
Editor requested this worker to shutdown with reason: Scaling down because of idle timeout
AssetImportWorker is now disconnected from the server
Process exiting
Exiting without the bug reporter. Application will terminate with return code 0